latexindent.pl version 3.3, 2017-08-21, a script to indent .tex files
	latexindent.pl lives here: C:/Program Files/MiKTeX 2.9/scripts/latexindent/
	Mon Jan  8 23:26:54 2018
Processing switches
	-w|--overwrite: Overwrite mode active, will make a back up of sphere_fig_tikz2.tex first
Directory for backup files and indent.log: .
Perl modules are being loaded from the following directories:
	C:/Strawberry/perl/lib/FindBin.pm
	C:/Strawberry/perl/vendor/lib/YAML/Tiny.pm
	C:/Strawberry/perl/lib/File/Copy.pm
	C:/Strawberry/perl/lib/File/Basename.pm
	C:/Strawberry/perl/lib/Getopt/Long.pm
	C:/Strawberry/perl/vendor/lib/File/HomeDir.pm
	C:/Strawberry/perl/vendor/lib/Unicode/GCString.pm
Latex Indent perl modules are being loaded from, for example:
	C:/Program Files/MiKTeX 2.9/scripts/latexindent/LatexIndent/Document.pm
YAML settings read: defaultSettings.yaml
	Reading defaultSettings.yaml from C:/Program Files/MiKTeX 2.9/scripts/latexindent/defaultSettings.yaml
YAML settings read: indentconfig.yaml or .indentconfig.yaml
	Home directory is C:\emacs\ (didn't find either indentconfig.yaml or .indentconfig.yaml)
	To specify user settings you would put indentconfig.yaml here: C:\emacs\/indentconfig.yaml
	Alternatively, you can use the hidden file .indentconfig.yaml as: C:\emacs\/.indentconfig.yaml
Backup procedure (-w flag active):
	 ./sphere_fig_tikz2.bak0 already exists, incrementing by 1... (see maxNumberOfBackUps and onlyOneBackUp)
	copying sphere_fig_tikz2.tex to ./sphere_fig_tikz2.bak1
Phase 1: searching for objects
Phase 2: finding surrounding indentation
Phase 3: indenting objects
Phase 4: final indentation check
Output routine
	Overwriting file sphere_fig_tikz2.tex
--------------
Please direct all communication/issues to: 
	https://github.com/cmhughes/latexindent.pl
